<?xml version="1.0" encoding="utf-8"?><testsuite errors="0" failures="0" name="pytest" skips="0" tests="7" time="2.882"><testcase classname="test_submit" file="test_submit.py" line="11" name="test_modules" time="0.0009274482727050781"></testcase><testcase classname="test_submit" file="test_submit.py" line="17" name="test_q_1" time="0.44169068336486816"></testcase><testcase classname="test_submit" file="test_submit.py" line="20" name="test_q_2" time="0.5222342014312744"></testcase><testcase classname="test_submit" file="test_submit.py" line="23" name="test_q_3" time="0.0013089179992675781"></testcase><testcase classname="test_submit" file="test_submit.py" line="47" name="test_q_4" time="0.6633970737457275"></testcase><testcase classname="test_submit" file="test_submit.py" line="61" name="test_q_5" time="0.6945106983184814"></testcase><testcase classname="test_submit" file="test_submit.py" line="75" name="test_q_6" time="0.4465641975402832"></testcase></testsuite>